<?xml version="1.0" encoding="UTF-8"?>
<!-- Generated by org.testng.reporters.JUnitReportReporter -->
<testsuite hostname="DESKTOP-AO9PN1L" failures="0" tests="1" name="smartChainTestCase.Retailer" time="6.478" errors="0" timestamp="2024-11-25T23:39:13 IST" skipped="0">
  <testcase classname="smartChainTestCase.Retailer" name="retailer_myorders" time="6.478"/>
  <system-out>
    <![CDATA[======Login is Successfull=====]]>
  </system-out>
</testsuite> <!-- smartChainTestCase.Retailer -->
