<?xml version="1.0" encoding="UTF-8"?>
<!-- Generated by org.testng.reporters.JUnitReportReporter -->
<testsuite hostname="DESKTOP-AO9PN1L" failures="0" tests="1" name="smartChainTestCase.Manufacturer" time="9.018" errors="0" timestamp="2024-11-27T09:36:25 IST" skipped="0">
  <testcase classname="smartChainTestCase.Manufacturer" name="manageStock" time="9.018"/>
  <system-out>
    <![CDATA[======Login is Successfull=====]]>
  </system-out>
</testsuite> <!-- smartChainTestCase.Manufacturer -->
