<?xml version="1.0" encoding="UTF-8"?>
<!-- Generated by org.testng.reporters.JUnitReportReporter -->
<testsuite hostname="DESKTOP-AO9PN1L" failures="0" tests="1" name="smartChainTestCase.Admin" time="2.824" errors="0" timestamp="2024-11-27T09:35:59 IST" skipped="0">
  <testcase classname="smartChainTestCase.Admin" name="addArea" time="2.824"/>
  <system-out>
    <![CDATA[======Login is Successfull=====]]>
  </system-out>
</testsuite> <!-- smartChainTestCase.Admin -->
